<?xml version="1.0" encoding="UTF-8"?>
<testng-results skipped="0" failed="0" ignored="0" total="11" passed="11">
  <reporter-output>
  </reporter-output>
  <suite name="DataDriven Testing" duration-ms="46687" started-at="2019-08-23T14:46:22Z" finished-at="2019-08-23T14:47:09Z">
    <groups>
    </groups>
    <test name="Login Test" duration-ms="25369" started-at="2019-08-23T14:46:22Z" finished-at="2019-08-23T14:46:47Z">
      <class name="testcases.LoginTest">
        <test-method status="PASS" signature="starting()[pri:0, instance:testcases.LoginTest@47eaca72]" name="starting" is-config="true" duration-ms="1" started-at="2019-08-23T14:46:22Z" finished-at="2019-08-23T14:46:22Z">
          <reporter-output>
          </reporter-output>
        </test-method> <!-- starting -->
        <test-method status="PASS" signature="LoginAsUser(java.lang.String, java.lang.String, java.lang.String)[pri:0, instance:testcases.LoginTest@47eaca72]" name="LoginAsUser" duration-ms="1500" started-at="2019-08-23T14:46:22Z" data-provider="getData" finished-at="2019-08-23T14:46:24Z">
          <params>
            <param index="0">
              <value>
                <![CDATA[]]>
              </value>
            </param>
            <param index="1">
              <value>
                <![CDATA[]]>
              </value>
            </param>
            <param index="2">
              <value>
                <![CDATA[Invalid Email or Password]]>
              </value>
            </param>
          </params>
          <reporter-output>
          </reporter-output>
        </test-method> <!-- LoginAsUser -->
        <test-method status="PASS" signature="LoginAsUser(java.lang.String, java.lang.String, java.lang.String)[pri:0, instance:testcases.LoginTest@47eaca72]" name="LoginAsUser" duration-ms="1960" started-at="2019-08-23T14:46:24Z" data-provider="getData" finished-at="2019-08-23T14:46:26Z">
          <params>
            <param index="0">
              <value>
                <![CDATA[]]>
              </value>
            </param>
            <param index="1">
              <value>
                <![CDATA[x]]>
              </value>
            </param>
            <param index="2">
              <value>
                <![CDATA[Invalid Email or Password]]>
              </value>
            </param>
          </params>
          <reporter-output>
          </reporter-output>
        </test-method> <!-- LoginAsUser -->
        <test-method status="PASS" signature="LoginAsUser(java.lang.String, java.lang.String, java.lang.String)[pri:0, instance:testcases.LoginTest@47eaca72]" name="LoginAsUser" duration-ms="1420" started-at="2019-08-23T14:46:26Z" data-provider="getData" finished-at="2019-08-23T14:46:27Z">
          <params>
            <param index="0">
              <value>
                <![CDATA[]]>
              </value>
            </param>
            <param index="1">
              <value>
                <![CDATA[demouser]]>
              </value>
            </param>
            <param index="2">
              <value>
                <![CDATA[Invalid Email or Password]]>
              </value>
            </param>
          </params>
          <reporter-output>
          </reporter-output>
        </test-method> <!-- LoginAsUser -->
        <test-method status="PASS" signature="LoginAsUser(java.lang.String, java.lang.String, java.lang.String)[pri:0, instance:testcases.LoginTest@47eaca72]" name="LoginAsUser" duration-ms="1392" started-at="2019-08-23T14:46:27Z" data-provider="getData" finished-at="2019-08-23T14:46:29Z">
          <params>
            <param index="0">
              <value>
                <![CDATA[a]]>
              </value>
            </param>
            <param index="1">
              <value>
                <![CDATA[]]>
              </value>
            </param>
            <param index="2">
              <value>
                <![CDATA[Invalid Email or Password]]>
              </value>
            </param>
          </params>
          <reporter-output>
          </reporter-output>
        </test-method> <!-- LoginAsUser -->
        <test-method status="PASS" signature="LoginAsUser(java.lang.String, java.lang.String, java.lang.String)[pri:0, instance:testcases.LoginTest@47eaca72]" name="LoginAsUser" duration-ms="1402" started-at="2019-08-23T14:46:29Z" data-provider="getData" finished-at="2019-08-23T14:46:30Z">
          <params>
            <param index="0">
              <value>
                <![CDATA[a]]>
              </value>
            </param>
            <param index="1">
              <value>
                <![CDATA[x]]>
              </value>
            </param>
            <param index="2">
              <value>
                <![CDATA[Invalid Email or Password]]>
              </value>
            </param>
          </params>
          <reporter-output>
          </reporter-output>
        </test-method> <!-- LoginAsUser -->
        <test-method status="PASS" signature="LoginAsUser(java.lang.String, java.lang.String, java.lang.String)[pri:0, instance:testcases.LoginTest@47eaca72]" name="LoginAsUser" duration-ms="1410" started-at="2019-08-23T14:46:30Z" data-provider="getData" finished-at="2019-08-23T14:46:32Z">
          <params>
            <param index="0">
              <value>
                <![CDATA[a]]>
              </value>
            </param>
            <param index="1">
              <value>
                <![CDATA[demouser]]>
              </value>
            </param>
            <param index="2">
              <value>
                <![CDATA[Invalid Email or Password]]>
              </value>
            </param>
          </params>
          <reporter-output>
          </reporter-output>
        </test-method> <!-- LoginAsUser -->
        <test-method status="PASS" signature="LoginAsUser(java.lang.String, java.lang.String, java.lang.String)[pri:0, instance:testcases.LoginTest@47eaca72]" name="LoginAsUser" duration-ms="1454" started-at="2019-08-23T14:46:32Z" data-provider="getData" finished-at="2019-08-23T14:46:33Z">
          <params>
            <param index="0">
              <value>
                <![CDATA[user@phptravels.com]]>
              </value>
            </param>
            <param index="1">
              <value>
                <![CDATA[]]>
              </value>
            </param>
            <param index="2">
              <value>
                <![CDATA[Invalid Email or Password]]>
              </value>
            </param>
          </params>
          <reporter-output>
          </reporter-output>
        </test-method> <!-- LoginAsUser -->
        <test-method status="PASS" signature="LoginAsUser(java.lang.String, java.lang.String, java.lang.String)[pri:0, instance:testcases.LoginTest@47eaca72]" name="LoginAsUser" duration-ms="1421" started-at="2019-08-23T14:46:33Z" data-provider="getData" finished-at="2019-08-23T14:46:34Z">
          <params>
            <param index="0">
              <value>
                <![CDATA[user@phptravels.com]]>
              </value>
            </param>
            <param index="1">
              <value>
                <![CDATA[x]]>
              </value>
            </param>
            <param index="2">
              <value>
                <![CDATA[Invalid Email or Password]]>
              </value>
            </param>
          </params>
          <reporter-output>
          </reporter-output>
        </test-method> <!-- LoginAsUser -->
        <test-method status="PASS" signature="LoginAsUser(java.lang.String, java.lang.String, java.lang.String)[pri:0, instance:testcases.LoginTest@47eaca72]" name="LoginAsUser" duration-ms="11154" started-at="2019-08-23T14:46:34Z" data-provider="getData" finished-at="2019-08-23T14:46:46Z">
          <params>
            <param index="0">
              <value>
                <![CDATA[user@phptravels.com]]>
              </value>
            </param>
            <param index="1">
              <value>
                <![CDATA[demouser]]>
              </value>
            </param>
            <param index="2">
              <value>
                <![CDATA[Hi, Demo User]]>
              </value>
            </param>
          </params>
          <reporter-output>
          </reporter-output>
        </test-method> <!-- LoginAsUser -->
        <test-method status="PASS" signature="LogOut()[pri:0, instance:testcases.LoginTest@47eaca72]" name="LogOut" is-config="true" duration-ms="1817" started-at="2019-08-23T14:46:46Z" finished-at="2019-08-23T14:46:47Z">
          <reporter-output>
          </reporter-output>
        </test-method> <!-- LogOut -->
      </class> <!-- testcases.LoginTest -->
    </test> <!-- Login Test -->
    <test name="Invoce Page Test" duration-ms="5356" started-at="2019-08-23T14:46:47Z" finished-at="2019-08-23T14:46:53Z">
      <class name="testcases.InvoiceTest">
        <test-method status="PASS" signature="starting()[pri:0, instance:testcases.InvoiceTest@62379589]" name="starting" is-config="true" duration-ms="2479" started-at="2019-08-23T14:46:47Z" finished-at="2019-08-23T14:46:50Z">
          <reporter-output>
          </reporter-output>
        </test-method> <!-- starting -->
        <test-method status="PASS" signature="Invoice()[pri:0, instance:testcases.InvoiceTest@62379589]" name="Invoice" duration-ms="1545" started-at="2019-08-23T14:46:50Z" finished-at="2019-08-23T14:46:51Z">
          <reporter-output>
          </reporter-output>
        </test-method> <!-- Invoice -->
        <test-method status="PASS" signature="LogOut()[pri:0, instance:testcases.InvoiceTest@62379589]" name="LogOut" is-config="true" duration-ms="1332" started-at="2019-08-23T14:46:51Z" finished-at="2019-08-23T14:46:53Z">
          <reporter-output>
          </reporter-output>
        </test-method> <!-- LogOut -->
      </class> <!-- testcases.InvoiceTest -->
    </test> <!-- Invoce Page Test -->
    <test name="My Profile DDL Test" duration-ms="15945" started-at="2019-08-23T14:46:53Z" finished-at="2019-08-23T14:47:09Z">
      <class name="testcases.MyProfileTest">
        <test-method status="PASS" signature="setup()[pri:0, instance:testcases.MyProfileTest@75d4a5c2]" name="setup" is-config="true" duration-ms="9787" started-at="2019-08-23T14:46:12Z" finished-at="2019-08-23T14:46:22Z">
          <reporter-output>
          </reporter-output>
        </test-method> <!-- setup -->
        <test-method status="PASS" signature="starting()[pri:0, instance:testcases.MyProfileTest@75d4a5c2]" name="starting" is-config="true" duration-ms="2589" started-at="2019-08-23T14:46:53Z" finished-at="2019-08-23T14:46:55Z">
          <reporter-output>
          </reporter-output>
        </test-method> <!-- starting -->
        <test-method status="PASS" signature="MyProfileDDL()[pri:0, instance:testcases.MyProfileTest@75d4a5c2]" name="MyProfileDDL" duration-ms="11400" started-at="2019-08-23T14:46:55Z" finished-at="2019-08-23T14:47:07Z">
          <reporter-output>
          </reporter-output>
        </test-method> <!-- MyProfileDDL -->
        <test-method status="PASS" signature="LogOut()[pri:0, instance:testcases.MyProfileTest@75d4a5c2]" name="LogOut" is-config="true" duration-ms="1955" started-at="2019-08-23T14:47:07Z" finished-at="2019-08-23T14:47:09Z">
          <reporter-output>
          </reporter-output>
        </test-method> <!-- LogOut -->
        <test-method status="PASS" signature="tearDown()[pri:0, instance:testcases.MyProfileTest@75d4a5c2]" name="tearDown" is-config="true" duration-ms="589" started-at="2019-08-23T14:47:09Z" finished-at="2019-08-23T14:47:09Z">
          <reporter-output>
          </reporter-output>
        </test-method> <!-- tearDown -->
      </class> <!-- testcases.MyProfileTest -->
    </test> <!-- My Profile DDL Test -->
  </suite> <!-- DataDriven Testing -->
</testng-results>
