<?xml version="1.0" encoding="UTF-8"?>
<!-- Generated by org.testng.reporters.JUnitXMLReporter -->
<testsuite hostname="sashok-pc" ignored="0" name="Default test" tests="9" failures="0" timestamp="21 авг 2019 22:50:28 GMT" time="11.833" errors="0">
  <testcase name="LoginAsUser" time="1.339" classname="testcases.Login"/>
  <testcase name="LoginAsUser" time="1.268" classname="testcases.Login"/>
  <testcase name="LoginAsUser" time="1.274" classname="testcases.Login"/>
  <testcase name="LoginAsUser" time="1.278" classname="testcases.Login"/>
  <testcase name="LoginAsUser" time="1.265" classname="testcases.Login"/>
  <testcase name="LoginAsUser" time="1.285" classname="testcases.Login"/>
  <testcase name="LoginAsUser" time="1.259" classname="testcases.Login"/>
  <testcase name="LoginAsUser" time="1.251" classname="testcases.Login"/>
  <testcase name="LoginAsUser" time="1.243" classname="testcases.Login"/>
</testsuite> <!-- Default test -->
