<?xml version="1.0" encoding="UTF-8"?>
<!-- Generated by org.testng.reporters.JUnitXMLReporter -->
<testsuite hostname="sashok-pc" ignored="0" name="Login Test" tests="9" failures="0" timestamp="22 авг 2019 00:06:10 GMT" time="24.014" errors="0">
  <testcase name="LoginAsUser" time="1.39" classname="testcases.LoginTest"/>
  <testcase name="LoginAsUser" time="1.481" classname="testcases.LoginTest"/>
  <testcase name="LoginAsUser" time="1.523" classname="testcases.LoginTest"/>
  <testcase name="LoginAsUser" time="1.461" classname="testcases.LoginTest"/>
  <testcase name="LoginAsUser" time="1.504" classname="testcases.LoginTest"/>
  <testcase name="LoginAsUser" time="1.456" classname="testcases.LoginTest"/>
  <testcase name="LoginAsUser" time="1.591" classname="testcases.LoginTest"/>
  <testcase name="LoginAsUser" time="1.804" classname="testcases.LoginTest"/>
  <testcase name="LoginAsUser" time="11.462" classname="testcases.LoginTest"/>
</testsuite> <!-- Login Test -->
