<?xml version="1.0" encoding="UTF-8"?>
<!-- Generated by org.testng.reporters.JUnitXMLReporter -->
<testsuite hostname="sashok-pc" ignored="0" name="Login Test" tests="9" failures="9" timestamp="22 авг 2019 13:10:40 GMT" time="8.56" errors="0">
  <testcase name="LoginAsUser" time="1.336" classname="testcases.LoginTest">
    <failure type="java.lang.AssertionError" message="Can&amp;apos;t find Login Form">
      <![CDATA[java.lang.AssertionError: Can't find Login Form
at org.junit.Assert.fail(Assert.java:88)
at org.junit.Assert.assertTrue(Assert.java:41)
at testcases.LoginTest.LoginAsUser(LoginTest.java:20)
... Removed 25 stack frames]]>
    </failure>
  </testcase> <!-- LoginAsUser -->
  <testcase name="LoginAsUser" time="0.883" classname="testcases.LoginTest">
    <failure type="java.lang.AssertionError" message="Can&amp;apos;t find Login Form">
      <![CDATA[java.lang.AssertionError: Can't find Login Form
at org.junit.Assert.fail(Assert.java:88)
at org.junit.Assert.assertTrue(Assert.java:41)
at testcases.LoginTest.LoginAsUser(LoginTest.java:20)
... Removed 25 stack frames]]>
    </failure>
  </testcase> <!-- LoginAsUser -->
  <testcase name="LoginAsUser" time="0.878" classname="testcases.LoginTest">
    <failure type="java.lang.AssertionError" message="Can&amp;apos;t find Login Form">
      <![CDATA[java.lang.AssertionError: Can't find Login Form
at org.junit.Assert.fail(Assert.java:88)
at org.junit.Assert.assertTrue(Assert.java:41)
at testcases.LoginTest.LoginAsUser(LoginTest.java:20)
... Removed 25 stack frames]]>
    </failure>
  </testcase> <!-- LoginAsUser -->
  <testcase name="LoginAsUser" time="0.891" classname="testcases.LoginTest">
    <failure type="java.lang.AssertionError" message="Can&amp;apos;t find Login Form">
      <![CDATA[java.lang.AssertionError: Can't find Login Form
at org.junit.Assert.fail(Assert.java:88)
at org.junit.Assert.assertTrue(Assert.java:41)
at testcases.LoginTest.LoginAsUser(LoginTest.java:20)
... Removed 25 stack frames]]>
    </failure>
  </testcase> <!-- LoginAsUser -->
  <testcase name="LoginAsUser" time="0.835" classname="testcases.LoginTest">
    <failure type="java.lang.AssertionError" message="Can&amp;apos;t find Login Form">
      <![CDATA[java.lang.AssertionError: Can't find Login Form
at org.junit.Assert.fail(Assert.java:88)
at org.junit.Assert.assertTrue(Assert.java:41)
at testcases.LoginTest.LoginAsUser(LoginTest.java:20)
... Removed 25 stack frames]]>
    </failure>
  </testcase> <!-- LoginAsUser -->
  <testcase name="LoginAsUser" time="0.807" classname="testcases.LoginTest">
    <failure type="java.lang.AssertionError" message="Can&amp;apos;t find Login Form">
      <![CDATA[java.lang.AssertionError: Can't find Login Form
at org.junit.Assert.fail(Assert.java:88)
at org.junit.Assert.assertTrue(Assert.java:41)
at testcases.LoginTest.LoginAsUser(LoginTest.java:20)
... Removed 25 stack frames]]>
    </failure>
  </testcase> <!-- LoginAsUser -->
  <testcase name="LoginAsUser" time="0.865" classname="testcases.LoginTest">
    <failure type="java.lang.AssertionError" message="Can&amp;apos;t find Login Form">
      <![CDATA[java.lang.AssertionError: Can't find Login Form
at org.junit.Assert.fail(Assert.java:88)
at org.junit.Assert.assertTrue(Assert.java:41)
at testcases.LoginTest.LoginAsUser(LoginTest.java:20)
... Removed 25 stack frames]]>
    </failure>
  </testcase> <!-- LoginAsUser -->
  <testcase name="LoginAsUser" time="0.89" classname="testcases.LoginTest">
    <failure type="java.lang.AssertionError" message="Can&amp;apos;t find Login Form">
      <![CDATA[java.lang.AssertionError: Can't find Login Form
at org.junit.Assert.fail(Assert.java:88)
at org.junit.Assert.assertTrue(Assert.java:41)
at testcases.LoginTest.LoginAsUser(LoginTest.java:20)
... Removed 25 stack frames]]>
    </failure>
  </testcase> <!-- LoginAsUser -->
  <testcase name="LoginAsUser" time="0.829" classname="testcases.LoginTest">
    <failure type="java.lang.AssertionError" message="Can&amp;apos;t find Login Form">
      <![CDATA[java.lang.AssertionError: Can't find Login Form
at org.junit.Assert.fail(Assert.java:88)
at org.junit.Assert.assertTrue(Assert.java:41)
at testcases.LoginTest.LoginAsUser(LoginTest.java:20)
... Removed 25 stack frames]]>
    </failure>
  </testcase> <!-- LoginAsUser -->
</testsuite> <!-- Login Test -->
