<?xml version="1.0" encoding="UTF-8"?>
<!-- Generated by org.testng.reporters.JUnitXMLReporter -->
<testsuite hostname="sashok-pc" ignored="2" name="Smoke Test" tests="10" failures="0" timestamp="22 авг 2019 21:28:43 GMT" time="29.144" errors="0">
  <testcase name="Invoice" time="5.373" classname="testcases.InvoiceTest"/>
  <testcase name="LoginAsUser" time="1.177" classname="testcases.LoginTest"/>
  <testcase name="LoginAsUser" time="1.333" classname="testcases.LoginTest"/>
  <testcase name="LoginAsUser" time="1.329" classname="testcases.LoginTest"/>
  <testcase name="LoginAsUser" time="1.183" classname="testcases.LoginTest"/>
  <testcase name="LoginAsUser" time="1.316" classname="testcases.LoginTest"/>
  <testcase name="LoginAsUser" time="1.293" classname="testcases.LoginTest"/>
  <testcase name="LoginAsUser" time="1.156" classname="testcases.LoginTest"/>
  <testcase name="LoginAsUser" time="1.171" classname="testcases.LoginTest"/>
  <testcase name="LoginAsUser" time="11.081" classname="testcases.LoginTest"/>
  <testcase name="@BeforeSuite setup" time="0.0" classname="base.BaseTest">
    <ignored/>
  </testcase> <!-- @BeforeSuite setup -->
  <testcase name="@AfterSuite tearDown" time="0.0" classname="base.BaseTest">
    <ignored/>
  </testcase> <!-- @AfterSuite tearDown -->
</testsuite> <!-- Smoke Test -->
